<?xml version="1.0" encoding="UTF-8"?>
<!-- Generated by org.testng.reporters.JUnitReportReporter -->
<testsuite skipped="0" hostname="DESKTOP-FS0BVJV" name="testngPack.Demo2" tests="1" failures="0" timestamp="2022-08-19T17:27:36 IST" time="0.002" errors="0">
  <testcase name="f" time="0.002" classname="testngPack.Demo2"/>
  <system-out>
    <![CDATA[Hi i am from method f]]>
  </system-out>
</testsuite> <!-- testngPack.Demo2 -->
