<?xml version="1.0" encoding="UTF-8"?>
<!-- Generated by org.testng.reporters.JUnitReportReporter -->
<testsuite skipped="0" hostname="DESKTOP-FS0BVJV" name="testngPack.Demo4" tests="1" failures="0" timestamp="2022-08-19T17:26:51 IST" time="0.011" errors="0">
  <testcase name="method3" time="0.011" classname="testngPack.Demo4"/>
  <system-out>
    <![CDATA[method3]]>
  </system-out>
</testsuite> <!-- testngPack.Demo4 -->
