<?xml version="1.0" encoding="UTF-8"?>
<!-- Generated by org.testng.reporters.JUnitReportReporter -->
<testsuite skipped="0" hostname="DESKTOP-FS0BVJV" name="testNGPack.DataProviderCode" tests="6" failures="0" timestamp="2022-08-27T15:10:49 IST" time="23.850" errors="0">
  <testcase name="testActiTimeValidLogin" time="3.154" classname="testNGPack.DataProviderCode"/>
  <system-out/>
  <testcase name="testActiTimeValidLogin" time="3.389" classname="testNGPack.DataProviderCode"/>
  <system-out/>
  <testcase name="testActiTimeValidLogin" time="7.727" classname="testNGPack.DataProviderCode"/>
  <system-out/>
  <testcase name="testActiTimeValidLogin" time="3.317" classname="testNGPack.DataProviderCode"/>
  <system-out/>
  <testcase name="testActiTimeValidLogin" time="3.080" classname="testNGPack.DataProviderCode"/>
  <system-out/>
  <testcase name="testActiTimeValidLogin" time="3.183" classname="testNGPack.DataProviderCode"/>
  <system-out/>
</testsuite> <!-- testNGPack.DataProviderCode -->
