<?xml version="1.0" encoding="UTF-8"?>
<!-- Generated by org.testng.reporters.JUnitReportReporter -->
<testsuite skipped="0" hostname="DESKTOP-FS0BVJV" name="parameterised.NewTest" tests="2" failures="0" timestamp="2022-08-23T17:40:10 IST" time="0.010" errors="0">
  <testcase name="test" time="0.007" classname="parameterised.NewTest"/>
  <system-out>
    <![CDATA[test2 method]]>
  </system-out>
  <testcase name="test1" time="0.003" classname="parameterised.NewTest"/>
  <system-out>
    <![CDATA[test1 method]]>
  </system-out>
</testsuite> <!-- parameterised.NewTest -->
