<?xml version="1.0" encoding="UTF-8"?>
<!-- Generated by org.testng.reporters.JUnitReportReporter -->
<testsuite skipped="1" hostname="DESKTOP-FS0BVJV" name="testNGPack.Flag2" tests="3" failures="0" timestamp="2022-08-22T12:30:25 IST" time="0.016" errors="0">
  <testcase name="method2" time="0.012" classname="testNGPack.Flag2"/>
  <system-out>
    <![CDATA[ActiTime Create User ]]>
  </system-out>
  <testcase name="method3" time="0.004" classname="testNGPack.Flag2"/>
  <system-out>
    <![CDATA[ActiTime Create reports ]]>
  </system-out>
  <testcase name="method1" classname="testNGPack.Flag2">
    <skipped/>
  </testcase> <!-- method1 -->
  <system-out/>
</testsuite> <!-- testNGPack.Flag2 -->
