<?xml version="1.0" encoding="UTF-8"?>
<!-- Generated by org.testng.reporters.JUnitReportReporter -->
<testsuite skipped="0" hostname="DESKTOP-FS0BVJV" name="testNGPack.AnnotationInTestNG" tests="2" failures="0" timestamp="2022-08-24T13:13:28 IST" time="0.016" errors="0">
  <testcase name="f" time="0.007" classname="testNGPack.AnnotationInTestNG"/>
  <system-out>
    <![CDATA[test case 1 execution ]]>
  </system-out>
  <testcase name="f1" time="0.009" classname="testNGPack.AnnotationInTestNG"/>
  <system-out>
    <![CDATA[test case 2 execution ]]>
  </system-out>
</testsuite> <!-- testNGPack.AnnotationInTestNG -->
