<?xml version="1.0" encoding="UTF-8"?>
<!-- Generated by org.testng.reporters.JUnitReportReporter -->
<testsuite skipped="0" hostname="DESKTOP-FS0BVJV" name="parameterised.ReadDataFromActitime" tests="1" failures="0" timestamp="2022-08-23T18:53:22 IST" time="7.508" errors="0">
  <testcase name="validLoginActiTime" time="7.508" classname="parameterised.ReadDataFromActitime"/>
  <system-out/>
</testsuite> <!-- parameterised.ReadDataFromActitime -->
