<?xml version="1.0" encoding="UTF-8"?>
<!-- Generated by org.testng.reporters.JUnitReportReporter -->
<testsuite skipped="0" hostname="DESKTOP-FS0BVJV" name="testngPack.TestNG1" tests="5" failures="0" timestamp="2022-08-19T17:59:46 IST" time="0.019" errors="0">
  <testcase name="r" time="0.002" classname="testngPack.TestNG1"/>
  <system-out>
    <![CDATA[r method]]>
  </system-out>
  <testcase name="x" time="0.002" classname="testngPack.TestNG1"/>
  <system-out>
    <![CDATA[X method]]>
  </system-out>
  <testcase name="k" time="0.002" classname="testngPack.TestNG1"/>
  <system-out>
    <![CDATA[k method]]>
  </system-out>
  <testcase name="b" time="0.011" classname="testngPack.TestNG1"/>
  <system-out>
    <![CDATA[b method]]>
  </system-out>
  <testcase name="f" time="0.002" classname="testngPack.TestNG1"/>
  <system-out>
    <![CDATA[f method ]]>
  </system-out>
</testsuite> <!-- testngPack.TestNG1 -->
