<?xml version="1.0" encoding="UTF-8"?>
<!-- Generated by org.testng.reporters.JUnitReportReporter -->
<testsuite skipped="0" hostname="DESKTOP-FS0BVJV" name="testngPack.Remo" tests="1" failures="0" timestamp="2022-08-19T17:26:51 IST" time="0.001" errors="0">
  <testcase name="method1" time="0.001" classname="testngPack.Remo"/>
  <system-out>
    <![CDATA[method1]]>
  </system-out>
</testsuite> <!-- testngPack.Remo -->
