<?xml version="1.0" encoding="UTF-8"?>
<!-- Generated by org.testng.reporters.JUnitReportReporter -->
<testsuite skipped="0" hostname="DESKTOP-FS0BVJV" name="testngPack.ActiTimeTest" tests="3" failures="0" timestamp="2022-08-19T18:12:28 IST" time="0.015" errors="0">
  <testcase name="loginActiTime" time="0.010" classname="testngPack.ActiTimeTest"/>
  <system-out>
    <![CDATA[Login ActiTime]]>
  </system-out>
  <testcase name="crateUserActiTime" time="0.002" classname="testngPack.ActiTimeTest"/>
  <system-out>
    <![CDATA[create user]]>
  </system-out>
  <testcase name="logOutActiTime" time="0.003" classname="testngPack.ActiTimeTest"/>
  <system-out>
    <![CDATA[logOut ActiTime]]>
  </system-out>
</testsuite> <!-- testngPack.ActiTimeTest -->
