<?xml version="1.0" encoding="UTF-8"?>
<!-- Generated by org.testng.reporters.JUnitReportReporter -->
<testsuite skipped="0" hostname="DESKTOP-FS0BVJV" name="testNGPack.Flag1" tests="2" failures="0" timestamp="2022-08-22T12:28:07 IST" time="0.022" errors="0">
  <testcase name="invalidActiTimeTest" time="0.018" classname="testNGPack.Flag1"/>
  <system-out>
    <![CDATA[valid login is performed]]>
  </system-out>
  <testcase name="validActiTimeTest" time="0.004" classname="testNGPack.Flag1"/>
  <system-out>
    <![CDATA[valid login is performed]]>
  </system-out>
</testsuite> <!-- testNGPack.Flag1 -->
