<?xml version="1.0" encoding="UTF-8"?>
<!-- Generated by org.testng.reporters.JUnitReportReporter -->
<testsuite skipped="0" hostname="DESKTOP-FS0BVJV" name="testngPack.Flag" tests="2" failures="0" timestamp="2022-08-19T17:35:24 IST" time="0.013" errors="0">
  <testcase name="InvalidActiTimeTest" time="0.012" classname="testngPack.Flag"/>
  <system-out>
    <![CDATA[Invalid loginisperformed]]>
  </system-out>
  <testcase name="validActiTimeTest" time="0.001" classname="testngPack.Flag"/>
  <system-out>
    <![CDATA[valid loginisperformed]]>
  </system-out>
</testsuite> <!-- testngPack.Flag -->
