<?xml version="1.0" encoding="UTF-8"?>
<!-- Generated by org.testng.reporters.JUnitReportReporter -->
<testsuite skipped="0" hostname="DESKTOP-FS0BVJV" name="testNGPack.TestMethod1" tests="2" failures="0" timestamp="2022-08-24T17:34:41 IST" time="0.036" errors="0">
  <testcase name="method2" time="0.018" classname="testNGPack.TestMethod1"/>
  <system-out>
    <![CDATA[method2 14]]>
  </system-out>
  <testcase name="method1" time="0.018" classname="testNGPack.TestMethod1"/>
  <system-out>
    <![CDATA[method1 13]]>
  </system-out>
</testsuite> <!-- testNGPack.TestMethod1 -->
