<?xml version="1.0" encoding="UTF-8"?>
<!-- Generated by org.testng.reporters.JUnitReportReporter -->
<testsuite skipped="0" hostname="DESKTOP-FS0BVJV" name="testngPack.Demo1" tests="1" failures="0" timestamp="2022-08-19T17:27:36 IST" time="0.010" errors="0">
  <testcase name="s" time="0.010" classname="testngPack.Demo1"/>
  <system-out/>
</testsuite> <!-- testngPack.Demo1 -->
