<?xml version="1.0" encoding="UTF-8"?>
<!-- Generated by org.testng.reporters.JUnitReportReporter -->
<testsuite skipped="0" hostname="DESKTOP-FS0BVJV" name="testngPack.Demo" tests="1" failures="0" timestamp="2022-08-19T17:27:36 IST" time="0.005" errors="0">
  <testcase name="a" time="0.005" classname="testngPack.Demo"/>
  <system-out>
    <![CDATA[Hi I Am from Method a]]>
  </system-out>
</testsuite> <!-- testngPack.Demo -->
