<?xml version="1.0" encoding="UTF-8"?>
<!-- Generated by org.testng.reporters.JUnitReportReporter -->
<testsuite skipped="0" hostname="DESKTOP-FS0BVJV" name="testNGPack.TestActitime1" tests="2" failures="0" timestamp="2022-08-24T13:34:56 IST" time="10.648" errors="0">
  <testcase name="logintoActiTime" time="5.265" classname="testNGPack.TestActitime1"/>
  <system-out/>
  <testcase name="actiTimeLogout" time="5.383" classname="testNGPack.TestActitime1"/>
  <system-out/>
</testsuite> <!-- testNGPack.TestActitime1 -->
