<?xml version="1.0" encoding="UTF-8"?>
<!-- Generated by org.testng.reporters.JUnitReportReporter -->
<testsuite skipped="0" hostname="DESKTOP-FS0BVJV" name="testNGPack.Class4" tests="1" failures="0" timestamp="2022-08-24T17:29:49 IST" time="4.224" errors="0">
  <testcase name="launchGoogle1" time="4.224" classname="testNGPack.Class4"/>
  <system-out/>
</testsuite> <!-- testNGPack.Class4 -->
