<?xml version="1.0" encoding="UTF-8"?>
<!-- Generated by org.testng.reporters.JUnitReportReporter -->
<testsuite skipped="0" hostname="DESKTOP-FS0BVJV" name="testNGPack.Assertion" tests="1" failures="0" timestamp="2022-08-24T18:06:54 IST" time="0.016" errors="0">
  <testcase name="f" time="0.016" classname="testNGPack.Assertion"/>
  <system-out>
    <![CDATA[Enter the url
Enter the username
Enter the password
Click on login button
Verify the homePage
Create a user
Create a report
delete a User]]>
  </system-out>
</testsuite> <!-- testNGPack.Assertion -->
