<?xml version="1.0" encoding="UTF-8"?>
<!-- Generated by org.testng.reporters.JUnitReportReporter -->
<testsuite skipped="0" hostname="DESKTOP-FS0BVJV" name="testNGPack.Flag8" tests="1" failures="0" timestamp="2022-08-22T16:31:19 IST" time="8.398" errors="0">
  <testcase name="loginActiTime" time="8.398" classname="testNGPack.Flag8"/>
  <system-out/>
</testsuite> <!-- testNGPack.Flag8 -->
